2023-04-11T14:51:02.652Z, info, POST /lender/rent, Rent created successfully
2023-04-12T06:00:18.829Z, info, PUT /lender/editItems/2, Item edited successfully
2023-04-12T06:31:51.032Z, error, PUT /lender/editItems/2, Unable to update item
2023-04-12T06:33:01.908Z, error, PUT /lender/editItems/2, Unable to update item
2023-04-12T06:34:50.932Z, error, PUT /lender/editItems/2, Unable to update item
2023-04-12T06:35:19.669Z, info, PUT /lender/editItems/2, Item edited successfully
2023-04-12T08:17:35.623Z, error, PUT /lender/editItems/2, Unable to update item
2023-04-12T08:18:44.435Z, error, PUT /lender/editItems/2, Unable to update item
2023-04-12T08:37:35.833Z, error, PUT /lender/editItems/2, Unable to update item
2023-04-12T08:45:35.779Z, error, PUT /lender/editItems/2, Unable to update item
2023-04-12T08:46:33.281Z, error, PUT /lender/editItems/2, Unable to update item
2023-04-12T08:49:18.733Z, error, PUT /lender/editItems/2, Unable to update item
2023-04-12T08:53:24.343Z, error, PUT /lender/editItems/2, Unable to update item
2023-04-12T09:32:28.229Z, info, PUT /lender/editItems/2, Item edited successfully
2023-04-12T09:35:19.652Z, info, PUT /lender/editItems/1, Item edited successfully
2023-04-12T11:15:31.941Z, info, DELETE /lender/deleteOrder/1, order deleted successfully
2023-04-12T11:18:11.774Z, error, DELETE /lender/deleteOrder/1, Unable to delete
2023-04-12T11:18:14.667Z, info, DELETE /lender/deleteOrder/2, order deleted successfully
2023-04-12T13:58:52.266Z, info, POST /lender/uploadCategory, uploaded
2023-04-12T14:00:11.946Z, info, POST /lender/uploadBrand, uploaded
2023-04-12T14:01:21.813Z, info, POST /lender/uploadProduct, uploaded
2023-04-12T14:37:06.687Z, info, POST /lender/sale, purchased successfully
2023-04-12T14:37:58.697Z, info, POST /lender/sale, purchased successfully
2023-04-12T14:39:13.251Z, info, POST /lender/rent, Rent created successfully
2023-04-12T14:39:49.355Z, info, POST /lender/rent, Rent created successfully
2023-04-12T15:40:31.870Z, info, PUT /lender/editItems/1, Item edited successfully
2023-04-12T15:43:24.972Z, info, PUT /lender/editItems/1, Item edited successfully
2023-04-13T03:57:00.604Z, error, PUT /lender/editItems/1, Unable to update item
2023-04-13T03:57:41.878Z, error, PUT /lender/editItems/1, Unable to update item
2023-04-13T03:58:08.303Z, error, PUT /lender/editItems/1, Unable to update item
2023-04-13T04:00:15.572Z, info, PUT /lender/editItems/1, Item edited successfully
2023-04-13T04:04:05.429Z, info, PUT /lender/editItems/2, Item edited successfully
2023-04-13T04:04:38.232Z, info, PUT /lender/editItems/1, Item edited successfully
2023-04-13T04:05:24.615Z, info, PUT /lender/editItems/1, Item edited successfully
2023-04-13T04:06:08.943Z, info, PUT /lender/editItems/1, Item edited successfully
2023-04-13T04:06:27.794Z, info, PUT /lender/editItems/2, Item edited successfully
2023-04-13T04:07:27.607Z, info, PUT /lender/editItems/1, Item edited successfully
2023-04-13T04:08:17.586Z, info, PUT /lender/editItems/6, Item edited successfully
2023-04-13T04:08:22.983Z, info, PUT /lender/editItems/6, Item edited successfully
2023-04-13T04:18:30.349Z, info, PUT /lender/editItems/6, Item edited successfully
2023-04-13T04:18:59.243Z, info, PUT /lender/editItems/6, Item edited successfully
2023-04-13T04:20:52.399Z, info, PUT /lender/editItems/42, Item edited successfully
2023-04-13T04:21:01.566Z, info, PUT /lender/editItems/42, Item edited successfully
2023-04-13T04:24:59.818Z, info, PUT /lender/editItems/42, Item edited successfully
2023-04-13T04:25:35.931Z, info, PUT /lender/editItems/42, Item edited successfully
2023-04-13T08:55:43.357Z, info, POST /lender/createCategory, category created
2023-04-13T08:57:11.558Z, info, POST /lender/createCategory, category created
2023-04-13T08:58:29.617Z, info, POST /lender/createCategory, category created
2023-04-13T08:59:25.472Z, info, POST /lender/createCategory, category created
2023-04-13T09:00:01.683Z, info, POST /lender/createCategory, category created
2023-04-13T09:00:38.192Z, info, POST /lender/createCategory, category created
2023-04-13T09:01:59.673Z, info, POST /lender/createCategory, category created
2023-04-13T09:02:24.078Z, info, POST /lender/createCategory, category created
2023-04-13T09:03:02.240Z, info, POST /lender/createCategory, category created
2023-04-13T09:03:51.366Z, info, POST /lender/createCategory, category created
2023-04-14T05:01:19.246Z, info, POST /lender/createProduct, product created successfully
2023-04-14T05:27:00.011Z, info, DELETE /lender/deleteProduct/46, product deleted successfully
2023-04-14T05:31:39.647Z, info, POST /lender/createCategory, category created
2023-04-14T05:34:26.962Z, info, POST /lender/createCategory, category created
2023-04-14T05:39:38.113Z, info, POST /lender/createCategory, category created
2023-04-14T11:09:09.014Z, info, GET /lender/searchUserManagement, Data fetched successfully
2023-04-14T11:09:26.032Z, info, GET /lender/searchUserManagement, Data fetched successfully
2023-04-15T04:49:02.430Z, info, GET /lender/searchUserManagement, Data fetched successfully
2023-04-15T04:49:25.911Z, info, GET /lender/searchItemManagement, Data fetched successfully
2023-04-15T04:51:57.889Z, info, POST /lender/createCategory, category created
2023-04-15T04:53:47.079Z, info, GET /lender/searchUserManagement, Data fetched successfully
2023-04-15T04:55:29.075Z, info, GET /lender/searchUserManagement, Data fetched successfully
2023-04-15T04:55:34.879Z, info, GET /lender/searchUserManagement, Data fetched successfully
2023-04-15T05:31:21.050Z, info, POST /lender/uploadCategory, uploaded
2023-04-15T05:31:40.908Z, info, POST /lender/uploadBrand, uploaded
2023-04-15T05:31:55.143Z, info, POST /lender/uploadProduct, uploaded
2023-04-15T05:33:00.178Z, info, POST /lender/createProduct, product created successfully
2023-04-15T06:14:33.479Z, info, POST /lender/sale, purchased successfully
2023-04-15T06:15:01.499Z, info, POST /lender/sale, purchased successfully
2023-04-15T06:15:36.612Z, info, POST /lender/rent, Rent created successfully
2023-04-15T06:16:23.545Z, info, POST /lender/rent, Rent created successfully
2023-04-15T06:17:11.365Z, info, GET /lender/searchUserManagement, Data fetched successfully
2023-04-15T06:17:20.148Z, info, GET /lender/searchItemManagement, Data fetched successfully
2023-04-15T06:17:47.305Z, info, GET /lender/getItemsById/4, Data fetched successfully
2023-04-15T06:18:59.059Z, info, GET /lender/getItemsById/8, Data fetched successfully
2023-04-15T06:20:02.629Z, info, GET /lender/searchItemManagement, Data fetched successfully
2023-04-15T06:20:15.091Z, info, GET /lender/searchOrderManagement/, Data fetched successfully
2023-04-15T06:20:52.591Z, info, GET /lender/masterData, categories swapped successfully
2023-04-15T06:21:29.489Z, info, GET /lender/masterData, categories swapped successfully
2023-04-16T13:21:44.325Z, info, GET /lender/searchOrderManagement/, Data fetched successfully
2023-04-16T13:21:57.612Z, info, GET /lender/searchItemManagement, Data fetched successfully
2023-04-16T13:22:34.638Z, info, GET /lender/getOrdersById/3, Data fetched successfully
2023-04-17T04:03:44.235Z, info, GET /lender/searchUserManagement, Data fetched successfully
2023-04-17T04:08:28.640Z, info, GET /lender/masterData, categories swapped successfully
2023-04-17T04:08:44.981Z, info, GET /lender/masterData, categories swapped successfully
2023-04-17T04:08:54.940Z, info, GET /lender/masterData, categories swapped successfully
2023-04-17T04:09:13.261Z, info, GET /lender/masterData, categories swapped successfully
2023-04-17T04:09:28.527Z, info, GET /lender/masterData, categories swapped successfully
2023-04-17T04:20:47.239Z, info, GET /lender/searchUserManagement, Data fetched successfully
2023-04-17T04:21:20.801Z, info, GET /lender/searchItemManagement, Data fetched successfully
2023-04-17T04:22:01.692Z, info, GET /lender/searchItemManagement, Data fetched successfully
2023-04-17T05:11:43.143Z, info, GET /lender/masterData, categories swapped successfully
2023-04-17T05:12:04.283Z, info, GET /lender/masterData, categories swapped successfully
2023-04-17T05:12:52.609Z, info, GET /lender/masterData, categories swapped successfully
2023-04-17T05:13:14.180Z, info, GET /lender/masterData, categories swapped successfully
2023-04-17T05:15:48.213Z, info, GET /lender/masterData, categories swapped successfully
2023-04-17T05:15:54.589Z, info, GET /lender/masterData, categories swapped successfully
2023-04-17T06:56:13.702Z, info, GET /lender/masterData, categories swapped successfully
2023-04-17T06:56:26.196Z, info, GET /lender/masterData, categories swapped successfully
2023-04-17T06:56:35.912Z, info, GET /lender/masterData, categories swapped successfully
2023-04-17T06:57:40.523Z, info, GET /lender/masterData, categories swapped successfully
2023-04-17T06:57:47.792Z, info, GET /lender/masterData, categories swapped successfully
2023-04-17T07:00:32.868Z, info, GET /lender/masterData, categories swapped successfully
2023-04-17T07:00:44.384Z, info, GET /lender/masterData, categories swapped successfully
2023-04-17T07:01:24.060Z, info, GET /lender/masterData, categories swapped successfully
2023-04-17T08:18:26.607Z, info, GET /lender/searchOrderManagement/, Data fetched successfully
2023-04-17T08:24:26.899Z, info, GET /lender/searchUserManagement, Data fetched successfully
2023-04-17T08:24:38.266Z, error, GET /lender/searchUserManagement, Data not found
2023-04-17T08:24:47.448Z, error, GET /lender/searchUserManagement, Data not found
2023-04-17T08:24:56.176Z, error, GET /lender/searchUserManagement, Data not found
2023-04-17T08:25:29.783Z, info, GET /lender/searchUserManagement, Data fetched successfully
2023-04-17T08:25:40.922Z, info, GET /lender/searchUserManagement, Data fetched successfully
2023-04-17T08:26:11.362Z, info, GET /lender/searchUserManagement, Data fetched successfully
2023-04-17T08:27:01.261Z, info, GET /lender/searchUserManagement, Data fetched successfully
2023-04-17T08:27:06.984Z, info, GET /lender/searchUserManagement, Data fetched successfully
2023-04-17T08:29:16.978Z, info, GET /lender/searchUserManagement, Data fetched successfully
2023-04-17T08:29:31.487Z, info, GET /lender/searchUserManagement, Data fetched successfully
2023-04-17T10:57:21.649Z, info, GET /lender/searchUserManagement, Data fetched successfully
2023-04-17T10:57:27.625Z, info, GET /lender/searchUserManagement, Data fetched successfully
2023-04-17T10:57:34.745Z, info, GET /lender/searchItemManagement, Data fetched successfully
2023-04-17T10:57:44.205Z, info, GET /lender/searchOrderManagement/, Data fetched successfully
2023-04-17T11:02:00.633Z, info, GET /lender/getItemsById/8, Data fetched successfully
2023-04-17T11:03:18.895Z, info, GET /lender/getOrdersById/3, Data fetched successfully
2023-04-17T11:05:01.975Z, info, GET /lender/masterData, categories swapped successfully
2023-04-17T11:12:59.631Z, info, GET /lender/searchUserManagement, Data fetched successfully
2023-04-18T04:17:38.016Z, info, GET /lender/searchUserManagement, Data fetched successfully
2023-04-18T04:22:25.144Z, info, GET /lender/searchItemManagement, Data fetched successfully
2023-04-18T04:26:08.101Z, info, GET /lender/searchUserManagement, Data fetched successfully
2023-04-18T05:33:20.553Z, info, GET /lender/searchUserManagement, Data fetched successfully
2023-04-18T05:34:47.487Z, info, GET /lender/searchUserManagement, Data fetched successfully
2023-04-18T06:12:55.922Z, info, GET /lender/searchUserManagement, Data fetched successfully
2023-04-18T06:13:37.993Z, info, GET /lender/searchUserManagement, Data fetched successfully
2023-04-18T06:33:39.123Z, info, GET /lender/searchUserManagement, Data fetched successfully
2023-04-18T07:26:54.626Z, info, GET /lender/searchUserManagement, Data fetched successfully
2023-04-18T07:34:13.258Z, info, GET /lender/searchItemManagement, Data fetched successfully
2023-04-18T07:37:35.763Z, info, GET /lender/getItemsById/8, Data fetched successfully
2023-04-18T07:41:49.823Z, info, GET /lender/searchOrderManagement/, Data fetched successfully
2023-04-18T07:45:10.614Z, info, GET /lender/getOrdersById/3, Data fetched successfully
2023-04-18T07:47:04.579Z, info, PUT /lender/editItems/42, Item edited successfully
2023-04-18T07:52:07.551Z, info, DELETE /lender/deleteProduct/45, product deleted successfully
2023-04-18T07:54:24.711Z, info, GET /lender/masterData, categories swapped successfully
2023-04-18T07:56:36.750Z, info, POST /lender/createCategory, category created
2023-04-18T09:34:30.983Z, info, GET /lender/searchUserManagement, Data fetched successfully
2023-04-20T07:41:48.231Z, error, GET /lender/searchOrderManagement/, Data not found
2023-04-20T13:11:33.505Z, info, GET /lender/searchUserManagement, Data fetched successfully
2023-04-20T13:15:27.330Z, info, GET /lender/getItemsById/8, Data fetched successfully
2023-04-20T13:15:35.052Z, error, GET /lender/getItemsById/100, Data not found
2023-04-20T13:16:34.475Z, error, GET /lender/getItemsById/100, Data not found
2023-04-20T13:16:58.193Z, error, GET /lender/getItemsById/100, Data not found
2023-04-20T13:17:37.361Z, error, GET /lender/getItemsById/100, Data not found
2023-04-20T13:21:35.032Z, error, GET /lender/getItemsById/100, Data not found productModel is not defined
2023-04-20T13:26:45.137Z, info, GET /lender/getItemsById/8, Data fetched successfully
2023-04-20T13:28:34.581Z, info, GET /lender/getItemsById/8, Data fetched successfully
2023-04-20T13:30:10.859Z, info, GET /lender/getItemsById/8, Data fetched successfully
2023-04-20T13:33:14.498Z, info, GET /lender/getItemsById/8, Data fetched successfully
2023-04-20T13:35:27.548Z, info, GET /lender/getItemsById/100, Data fetched successfully
2023-04-20T13:39:37.342Z, info, GET /lender/getItemsById/8, Data fetched successfully
2023-04-20T13:41:16.447Z, info, GET /lender/getItemsById/8, Data fetched successfully
2023-04-20T13:45:11.039Z, info, GET /lender/getOrdersById/3, Data fetched successfully
2023-04-20T14:08:11.084Z, info, PUT /lender/editItems/42, Item edited successfully
2023-04-20T14:08:15.834Z, error, PUT /lender/editItems/422, Product not found
2023-04-20T14:16:50.880Z, error, DELETE /lender/deleteProduct/45, product not found
2023-04-20T14:16:58.120Z, error, DELETE /lender/deleteProduct/44, product not found
2023-04-20T14:17:06.712Z, error, DELETE /lender/deleteProduct/43, product not found
2023-04-20T14:18:14.466Z, error, DELETE /lender/deleteProduct/46, Unable to delete
2023-04-20T14:18:20.493Z, error, DELETE /lender/deleteProduct/45, Unable to delete
2023-04-20T14:19:07.071Z, error, DELETE /lender/deleteProduct/45, product not found
2023-04-20T14:19:11.208Z, error, DELETE /lender/deleteProduct/44, product not found
2023-04-20T14:19:15.471Z, error, DELETE /lender/deleteProduct/43, product not found
2023-04-20T14:20:26.669Z, error, DELETE /lender/deleteProduct/45, Product not found
2023-04-20T14:20:32.069Z, error, DELETE /lender/deleteProduct/44, Product not found
2023-04-20T14:22:22.751Z, error, DELETE /lender/deleteProduct/44, Product not found
2023-04-20T14:22:42.535Z, info, DELETE /lender/deleteProduct/42, product deleted successfully
2023-04-20T14:22:55.783Z, error, DELETE /lender/deleteProduct/42, Product not found
2023-04-20T14:34:02.199Z, error, DELETE /lender/deleteOrder/22, order not found
2023-04-20T14:34:18.023Z, info, DELETE /lender/deleteOrder/4, order deleted successfully
2023-04-20T15:10:46.646Z, info, GET /lender/masterData, categories swapped successfully
2023-04-20T15:10:51.633Z, error, GET /lender/masterData, Data not found
2023-04-21T04:05:12.046Z, info, GET /lender/searchItemManagement, Data fetched successfully
2023-04-21T04:08:57.329Z, info, GET /lender/searchItemManagement, Data fetched successfully
2023-04-21T04:09:01.260Z, info, GET /lender/searchItemManagement, Data fetched successfully
2023-04-21T04:09:20.251Z, info, GET /lender/searchItemManagement, Data fetched successfully
2023-04-21T04:11:52.177Z, info, GET /lender/searchItemManagement, Data fetched successfully
2023-04-21T04:12:13.888Z, info, GET /lender/searchItemManagement, Data fetched successfully
2023-04-21T04:12:37.575Z, error, GET /lender/searchOrderManagement/, Data not found
2023-04-21T04:12:43.789Z, info, GET /lender/searchOrderManagement/, Data fetched successfully
2023-04-21T04:13:07.751Z, info, GET /lender/searchOrderManagement/, Data fetched successfully
2023-04-21T04:13:47.969Z, info, GET /lender/searchOrderManagement/, Data fetched successfully
2023-04-21T04:14:23.679Z, info, GET /lender/searchOrderManagement/, Data fetched successfully
2023-04-21T04:28:55.519Z, info, GET /lender/searchItemManagement, Data fetched successfully
2023-04-21T04:29:08.993Z, info, GET /lender/searchItemManagement, Data fetched successfully
2023-04-21T04:29:19.686Z, info, GET /lender/searchItemManagement, Data fetched successfully
2023-04-21T04:29:35.548Z, error, GET /lender/searchOrderManagement/, Data not found
2023-04-21T04:29:40.868Z, error, GET /lender/searchOrderManagement/, Data not found
2023-04-21T04:30:24.468Z, error, GET /lender/searchOrderManagement/, Data not found
2023-04-21T04:30:35.450Z, error, GET /lender/searchOrderManagement/, Data not found
2023-04-21T04:31:20.549Z, error, GET /lender/searchOrderManagement/, Data not found
2023-04-21T04:32:07.850Z, error, GET /lender/searchOrderManagement/, Data not found
2023-04-21T04:33:06.108Z, error, GET /lender/searchOrderManagement/, Data not found
2023-04-21T04:36:04.808Z, info, GET /lender/searchOrderManagement/, Data fetched successfully
2023-04-21T04:36:21.103Z, info, GET /lender/searchOrderManagement/, Data fetched successfully
2023-04-21T04:42:45.083Z, info, POST /lender/createCategory, category created
2023-04-21T04:52:25.182Z, info, GET /lender/searchItemManagement, Data fetched successfully
2023-04-21T05:11:26.296Z, info, GET /lender/searchItemManagement, Data fetched successfully
2023-04-21T05:11:55.330Z, info, GET /lender/searchItemManagement, Data fetched successfully
2023-04-21T05:16:40.727Z, info, GET /lender/searchItemManagement, Data fetched successfully
2023-04-21T05:19:14.343Z, info, GET /lender/searchItemManagement, Data fetched successfully
2023-04-21T05:19:51.638Z, info, GET /lender/searchItemManagement, Data fetched successfully
2023-04-21T05:20:35.347Z, info, GET /lender/searchItemManagement, Data fetched successfully
2023-04-21T05:26:45.590Z, info, GET /lender/searchItemManagement, Data fetched successfully
2023-04-21T05:27:03.906Z, info, GET /lender/searchItemManagement, Data fetched successfully
2023-04-21T05:38:25.449Z, error, PUT /lender/editItems/422, Product not found
2023-04-21T05:39:38.998Z, info, PUT /lender/editItems/2, Item edited successfully
2023-04-21T05:39:45.162Z, info, PUT /lender/editItems/2, Item edited successfully
2023-04-21T07:00:39.539Z, info, GET /lender/searchItemManagement, Data fetched successfully
2023-04-21T07:01:09.564Z, info, GET /lender/searchItemManagement, Data fetched successfully
2023-04-21T07:05:02.328Z, info, GET /lender/searchItemManagement, Data fetched successfully
2023-04-21T07:07:19.679Z, info, GET /lender/searchItemManagement, Data fetched successfully
2023-04-21T07:08:48.845Z, info, GET /lender/searchItemManagement, Data fetched successfully
2023-04-21T07:10:18.298Z, info, GET /lender/searchItemManagement, Data fetched successfully
2023-04-21T07:10:38.700Z, info, GET /lender/searchItemManagement, Data fetched successfully
2023-04-21T07:13:52.170Z, info, GET /lender/searchItemManagement, Data fetched successfully
2023-04-21T07:14:20.879Z, info, GET /lender/searchItemManagement, Data fetched successfully
2023-04-21T07:20:36.027Z, info, GET /lender/searchItemManagement, Data fetched successfully
2023-04-21T07:21:19.900Z, info, GET /lender/searchItemManagement, Data fetched successfully
2023-04-21T07:22:27.956Z, info, GET /lender/searchItemManagement, Data fetched successfully
2023-04-21T08:02:28.411Z, info, GET /lender/searchItemManagement, Data fetched successfully
2023-04-21T08:08:38.513Z, info, GET /lender/searchItemManagement, Data fetched successfully
2023-04-21T08:09:00.714Z, info, GET /lender/searchItemManagement, Data fetched successfully
2023-04-21T08:09:13.539Z, info, GET /lender/searchItemManagement, Data fetched successfully
2023-04-21T08:09:52.372Z, info, GET /lender/searchItemManagement, Data fetched successfully
2023-04-21T08:10:05.553Z, info, GET /lender/searchItemManagement, Data fetched successfully
2023-04-21T08:45:50.828Z, info, GET /lender/searchItemManagement, Data fetched successfully
2023-04-21T08:47:31.463Z, info, GET /lender/searchItemManagement, Data fetched successfully
2023-04-21T08:50:52.013Z, info, GET /lender/searchItemManagement, Data fetched successfully
2023-04-21T08:52:01.571Z, info, GET /lender/searchItemManagement, Data fetched successfully
2023-04-21T08:53:01.189Z, info, GET /lender/searchItemManagement, Data fetched successfully
2023-04-21T08:53:30.713Z, info, GET /lender/searchItemManagement, Data fetched successfully
2023-04-21T08:54:05.471Z, info, GET /lender/searchItemManagement, Data fetched successfully
2023-04-21T08:56:13.452Z, info, GET /lender/searchItemManagement, Data fetched successfully
2023-04-21T09:00:05.724Z, info, GET /lender/searchItemManagement, Data fetched successfully
2023-04-21T09:00:36.326Z, info, GET /lender/searchItemManagement, Data fetched successfully
2023-04-21T09:01:44.790Z, info, GET /lender/searchItemManagement, Data fetched successfully
2023-04-21T09:02:06.249Z, info, GET /lender/searchItemManagement, Data fetched successfully
2023-04-21T09:03:03.691Z, info, GET /lender/searchItemManagement, Data fetched successfully
2023-04-21T09:03:59.364Z, info, GET /lender/searchItemManagement, Data fetched successfully
2023-04-21T09:08:05.516Z, info, GET /lender/searchItemManagement, Data fetched successfully
2023-04-21T09:18:58.557Z, info, GET /lender/searchItemManagement, Data fetched successfully
2023-04-21T09:21:38.422Z, info, GET /lender/searchItemManagement, Data fetched successfully
2023-04-21T09:24:35.751Z, info, GET /lender/searchItemManagement, Data fetched successfully
2023-04-21T09:54:21.384Z, info, GET /lender/searchItemManagement, Data fetched successfully
2023-04-21T09:54:34.688Z, info, GET /lender/searchItemManagement, Data fetched successfully
2023-04-21T09:56:11.030Z, info, GET /lender/searchItemManagement, Data fetched successfully
2023-04-21T10:02:36.435Z, info, GET /lender/searchItemManagement, Data fetched successfully
2023-04-21T10:03:04.140Z, info, GET /lender/searchItemManagement, Data fetched successfully
2023-04-21T13:20:22.994Z, info, GET /lender/searchItemManagement, Data fetched successfully
2023-04-21T13:23:45.790Z, info, GET /lender/getItemsById/8, Data fetched successfully
2023-04-21T13:24:06.716Z, info, GET /lender/getItemsById/1, Data fetched successfully
2023-04-21T13:25:57.625Z, info, GET /lender/getItemsById/1, Data fetched successfully
2023-04-21T13:26:37.501Z, info, GET /lender/getItemsById/1, Data fetched successfully
2023-04-21T13:26:43.706Z, error, GET /lender/getItemsById/90, Product not found
2023-04-21T13:30:10.300Z, error, GET /lender/getItemsById/90, Product not found
2023-04-21T13:35:23.937Z, error, GET /lender/getItemsById/90, Product not found
2023-04-21T13:35:31.092Z, info, GET /lender/getItemsById/9, Data fetched successfully
2023-04-21T13:36:33.235Z, info, GET /lender/getItemsById/9, Data fetched successfully
2023-04-21T13:50:12.247Z, error, GET /lender/getItemsById/99, Product not found
2023-04-21T13:50:50.773Z, error, GET /lender/getItemsById/99, Product not found
2023-04-21T13:51:08.984Z, error, GET /lender/getItemsById/99, Product not found
2023-04-21T13:58:37.865Z, info, GET /lender/searchItemManagement, Data fetched successfully
2023-04-21T13:58:44.529Z, error, GET /lender/searchItemManagement, Data not found
2023-04-21T13:59:19.863Z, info, GET /lender/searchOrderManagement/, Data fetched successfully
2023-04-21T13:59:27.668Z, error, GET /lender/searchOrderManagement/, Data not found
2023-04-21T13:59:52.489Z, error, GET /lender/searchItemManagement, Data not found
2023-04-21T14:02:08.215Z, error, GET /lender/searchItemManagement, Data not found
2023-04-21T14:07:06.179Z, info, GET /lender/searchItemManagement, Data fetched successfully
2023-04-21T14:07:11.992Z, error, GET /lender/searchItemManagement, Data not found
2023-04-21T14:08:36.876Z, error, GET /lender/searchOrderManagement/, Data not found
2023-04-21T14:08:40.905Z, info, GET /lender/searchOrderManagement/, Data fetched successfully
2023-04-21T14:10:25.277Z, error, GET /lender/getItemsById/99, Product not found
2023-04-21T14:12:08.823Z, error, GET /lender/getItemsById/99, Product not found
2023-04-21T14:12:43.155Z, error, GET /lender/getItemsById/99, Product not found
2023-04-21T14:12:52.148Z, info, GET /lender/getItemsById/9, Data fetched successfully
2023-04-21T14:13:15.136Z, info, GET /lender/getItemsById/9, Data fetched successfully
2023-04-21T14:13:18.190Z, error, GET /lender/getItemsById/99, Product not found
2023-04-21T14:16:51.402Z, error, GET /lender/getOrdersById/333, Data not found
2023-04-21T14:16:58.704Z, info, GET /lender/getOrdersById/2, Data fetched successfully
2023-04-21T14:26:22.849Z, info, GET /lender/getOrdersById/2, Data fetched successfully
2023-04-21T14:26:27.917Z, error, GET /lender/getOrdersById/2222, Data not found
2023-04-21T14:30:25.660Z, error, DELETE /lender/deleteProduct/42, Product not found
2023-04-21T14:30:28.556Z, error, DELETE /lender/deleteProduct/42, Product not found
2023-04-21T14:35:54.317Z, info, DELETE /lender/deleteProduct/41, product deleted successfully
2023-04-21T14:35:57.181Z, error, DELETE /lender/deleteProduct/41, Product not found
2023-04-21T14:40:35.769Z, error, DELETE /lender/deleteProduct/41, Product not found
2023-04-21T14:44:13.688Z, error, DELETE /lender/deleteOrder/44, order not found
2023-04-21T14:51:39.666Z, error, GET /lender/searchItemManagement, Data not found
2023-04-21T14:51:49.253Z, info, GET /lender/searchItemManagement, Data fetched successfully
2023-04-21T14:52:41.147Z, info, GET /lender/searchItemManagement, Data fetched successfully
2023-04-21T14:52:44.807Z, error, GET /lender/searchItemManagement, Data not found
2023-04-21T14:54:25.507Z, info, GET /lender/searchOrderManagement/, Data fetched successfully
2023-04-21T14:54:32.852Z, error, GET /lender/searchOrderManagement/, Data not found
2023-04-21T14:59:15.801Z, error, GET /lender/searchOrderManagement/, Data not found
2023-04-21T14:59:52.031Z, error, GET /lender/searchOrderManagement/, Data not found
2023-04-21T15:08:02.055Z, info, GET /lender/searchOrderManagement/, Data fetched successfully
2023-04-21T15:08:07.616Z, info, GET /lender/searchOrderManagement/, Data fetched successfully
2023-04-21T15:08:12.521Z, error, GET /lender/searchItemManagement, Data not found
2023-04-21T15:08:17.436Z, info, GET /lender/searchItemManagement, Data fetched successfully
2023-04-21T15:09:38.065Z, info, GET /lender/searchItemManagement, Data fetched successfully
2023-04-21T15:13:44.284Z, error, GET /lender/getItemsById/99, Product not found
2023-04-21T15:15:24.156Z, info, GET /lender/searchOrderManagement/, Data fetched successfully
2023-04-21T15:15:31.555Z, error, GET /lender/searchOrderManagement/, Data not found
2023-04-21T15:16:17.418Z, info, GET /lender/searchOrderManagement/, Data fetched successfully
2023-04-21T15:17:51.925Z, info, GET /lender/searchOrderManagement/, Data fetched successfully
2023-04-21T15:18:16.616Z, error, GET /lender/searchOrderManagement/, Data not found
2023-04-21T15:18:56.337Z, info, GET /lender/searchItemManagement, Data fetched successfully
2023-04-21T15:19:01.906Z, error, GET /lender/searchItemManagement, Data not found
2023-04-21T15:21:18.888Z, error, GET /lender/searchItemManagement, Data not found
2023-04-21T15:21:57.453Z, error, GET /lender/searchOrderManagement/, Data not found
2023-04-21T15:23:19.075Z, error, GET /lender/getItemsById/99, Product not found
2023-04-21T15:23:43.863Z, error, GET /lender/getItemsById/99, Product not found
2023-04-21T15:24:03.856Z, error, GET /lender/getItemsById/99, Product not found
2023-04-21T15:24:17.529Z, error, GET /lender/getItemsById/99, Product not found
2023-04-21T15:26:25.323Z, error, GET /lender/getOrdersById/2222, Data not found
2023-04-21T15:26:28.501Z, info, GET /lender/getOrdersById/2, Data fetched successfully
2023-04-21T15:42:47.951Z, info, PUT /lender/editItems/2, Item edited successfully
2023-04-21T15:42:52.033Z, error, PUT /lender/editItems/2222, Product not found
2023-04-21T15:51:44.603Z, error, PUT /lender/editItems/2222, Product not found
2023-04-21T15:51:55.860Z, info, PUT /lender/editItems/2, Item edited successfully
2023-04-21T15:53:27.638Z, error, PUT /lender/editItems/2222, Product not found
2023-04-21T15:53:42.161Z, info, PUT /lender/editItems/2, Item edited successfully
2023-04-21T15:56:12.811Z, error, DELETE /lender/deleteProduct/41, Product not found
2023-04-21T15:56:17.224Z, info, DELETE /lender/deleteProduct/40, product deleted successfully
2023-04-21T16:00:57.133Z, info, POST /lender/createCategory, category created
2023-04-21T16:04:36.489Z, info, GET /lender/masterData, categories swapped successfully
2023-04-21T16:04:38.947Z, info, GET /lender/masterData, categories swapped successfully
2023-04-21T16:04:42.123Z, error, GET /lender/masterData, Data not found
2023-04-21T16:04:50.167Z, error, GET /lender/masterData, Data not found
2023-04-21T16:05:45.210Z, error, GET /lender/masterData, Data not found
2023-04-21T16:07:53.197Z, info, PUT /lender/editItems/2, Item edited successfully
2023-04-21T16:08:11.190Z, info, PUT /lender/editItems/2, Item edited successfully
2023-04-21T16:09:23.767Z, info, PUT /lender/editItems/2, Item edited successfully
2023-04-21T16:09:39.891Z, info, PUT /lender/editItems/2, Item edited successfully
2023-04-21T16:11:03.163Z, info, PUT /lender/editItems/2, Item edited successfully
2023-04-21T16:11:15.972Z, info, PUT /lender/editItems/2, Item edited successfully
2023-04-22T00:46:20.896Z, error, GET /lender/searchItemManagement, Data not found
2023-04-22T00:46:26.173Z, info, GET /lender/searchItemManagement, Data fetched successfully
2023-04-22T00:55:18.319Z, info, GET /lender/searchItemManagement, Data fetched successfully
2023-04-22T01:04:16.015Z, info, GET /lender/searchItemManagement, Data fetched successfully
2023-04-22T01:04:32.152Z, info, GET /lender/searchItemManagement, Data fetched successfully
2023-04-22T01:12:02.361Z, info, GET /lender/searchItemManagement, Data fetched successfully
2023-04-22T01:12:34.300Z, info, GET /lender/searchItemManagement, Data fetched successfully
2023-04-22T01:15:57.604Z, error, DELETE /lender/deleteProduct/40, Product not found
2023-04-22T01:16:03.350Z, info, DELETE /lender/deleteProduct/39, product deleted successfully
2023-04-22T01:17:22.965Z, error, DELETE /lender/deleteProduct/39, Product not found
2023-04-22T14:27:07.331Z, info, GET /lender/searchItemManagement, Data fetched successfully
2023-04-22T14:28:29.277Z, error, GET /lender/searchItemManagement, Data not found
2023-04-22T14:28:35.050Z, error, GET /lender/searchItemManagement, Data not found
2023-04-22T14:29:36.998Z, error, GET /lender/searchItemManagement, Data not found
2023-04-22T14:30:56.378Z, info, GET /lender/searchItemManagement, Data fetched successfully
2023-04-22T14:31:12.310Z, error, GET /lender/searchItemManagement, Data not found
2023-04-22T14:33:48.298Z, info, GET /lender/searchItemManagement, Data fetched successfully
2023-04-22T14:33:51.401Z, info, GET /lender/searchItemManagement, Data fetched successfully
2023-04-22T14:34:28.016Z, error, GET /lender/searchOrderManagement, Data not found
2023-04-22T14:34:47.177Z, info, GET /lender/searchOrderManagement, Data fetched successfully
2023-04-22T14:35:20.228Z, info, GET /lender/searchOrderManagement, Data fetched successfully
